<?xml version="1.0" encoding="UTF-8"?>
<!-- Generated by org.testng.reporters.JUnitReportReporter -->
<testsuite hostname="MAY129" name="org.exoplatform.selenium.platform.ecms.regression.REG_PLF307_ECMS_016" tests="1" failures="0" timestamp="21 Nov 2012 02:31:34 GMT" time="60.858" errors="0">
  <testcase name="test_removeUploadedFile" time="60.858" classname="org.exoplatform.selenium.platform.ecms.regression.REG_PLF307_ECMS_016"/>
</testsuite>
